# JRE version: OpenJDK Runtime Environment 18.9 (11.0.9+11) (build 11.0.9+11-LTS)
# Java VM: OpenJDK 64-Bit Server VM 18.9 (11.0.9+11-LTS, mixed mode, sharing, tiered, compressed oops, g1 gc, linux-amd64)
Heap:
 garbage-first heap   total 661504K, used 208425K [0x0000000609800000, 0x0000000800000000)
  region size 2048K, 77 young (157696K), 1 survivors (2048K)
 Metaspace       used 74539K, capacity 76369K, committed 76636K, reserved 1116160K
  class space    used 8896K, capacity 9606K, committed 9728K, reserved 1048576K
GC Heap History (20 events):
Event: 832093.999 GC heap before
{Heap before GC invocations=182 (full 0):
 garbage-first heap   total 661504K, used 445984K [0x0000000609800000, 0x0000000800000000)
  region size 2048K, 193 young (395264K), 1 survivors (2048K)
 Metaspace       used 74534K, capacity 76369K, committed 76636K, reserved 1116160K
  class space    used 8895K, capacity 9606K, committed 9728K, reserved 1048576K
}
Event: 832094.007 GC heap after
{Heap after GC invocations=183 (full 0):
 garbage-first heap   total 661504K, used 54844K [0x0000000609800000, 0x0000000800000000)
  region size 2048K, 1 young (2048K), 1 survivors (2048K)
 Metaspace       used 74534K, capacity 76369K, committed 76636K, reserved 1116160K
  class space    used 8895K, capacity 9606K, committed 9728K, reserved 1048576K
}
Event: 836792.551 GC heap before
{Heap before GC invocations=183 (full 0):
 garbage-first heap   total 661504K, used 446012K [0x0000000609800000, 0x0000000800000000)
  region size 2048K, 193 young (395264K), 1 survivors (2048K)
 Metaspace       used 74534K, capacity 76369K, committed 76636K, reserved 1116160K
  class space    used 8895K, capacity 9606K, committed 9728K, reserved 1048576K
}
Event: 836792.557 GC heap after
{Heap after GC invocations=184 (full 0):
 garbage-first heap   total 661504K, used 54837K [0x0000000609800000, 0x0000000800000000)
  region size 2048K, 1 young (2048K), 1 survivors (2048K)
 Metaspace       used 74534K, capacity 76369K, committed 76636K, reserved 1116160K
  class space    used 8895K, capacity 9606K, committed 9728K, reserved 1048576K
}
Event: 841619.992 GC heap before
{Heap before GC invocations=184 (full 0):
 garbage-first heap   total 661504K, used 446005K [0x0000000609800000, 0x0000000800000000)
  region size 2048K, 193 young (395264K), 1 survivors (2048K)
 Metaspace       used 74534K, capacity 76369K, committed 76636K, reserved 1116160K
  class space    used 8895K, capacity 9606K, committed 9728K, reserved 1048576K
}
Event: 841620.001 GC heap after
{Heap after GC invocations=185 (full 0):
 garbage-first heap   total 661504K, used 54847K [0x0000000609800000, 0x0000000800000000)
  region size 2048K, 1 young (2048K), 1 survivors (2048K)
 Metaspace       used 74534K, capacity 76369K, committed 76636K, reserved 1116160K
  class space    used 8895K, capacity 9606K, committed 9728K, reserved 1048576K
}
Event: 846525.356 GC heap before
{Heap before GC invocations=185 (full 0):
 garbage-first heap   total 661504K, used 446015K [0x0000000609800000, 0x0000000800000000)
  region size 2048K, 193 young (395264K), 1 survivors (2048K)
 Metaspace       used 74534K, capacity 76369K, committed 76636K, reserved 1116160K
  class space    used 8895K, capacity 9606K, committed 9728K, reserved 1048576K
}
Event: 846525.364 GC heap after
{Heap after GC invocations=186 (full 0):
 garbage-first heap   total 661504K, used 54840K [0x0000000609800000, 0x0000000800000000)
  region size 2048K, 1 young (2048K), 1 survivors (2048K)
 Metaspace       used 74534K, capacity 76369K, committed 76636K, reserved 1116160K
  class space    used 8895K, capacity 9606K, committed 9728K, reserved 1048576K
}
Event: 851419.083 GC heap before
{Heap before GC invocations=186 (full 0):
 garbage-first heap   total 661504K, used 446008K [0x0000000609800000, 0x0000000800000000)
  region size 2048K, 193 young (395264K), 1 survivors (2048K)
 Metaspace       used 74537K, capacity 76369K, committed 76636K, reserved 1116160K
  class space    used 8895K, capacity 9606K, committed 9728K, reserved 1048576K
}
Event: 851419.091 GC heap after
{Heap after GC invocations=187 (full 0):
 garbage-first heap   total 661504K, used 54831K [0x0000000609800000, 0x0000000800000000)
  region size 2048K, 1 young (2048K), 1 survivors (2048K)
 Metaspace       used 74537K, capacity 76369K, committed 76636K, reserved 1116160K
  class space    used 8895K, capacity 9606K, committed 9728K, reserved 1048576K
}
Event: 856315.388 GC heap before
{Heap before GC invocations=187 (full 0):
 garbage-first heap   total 661504K, used 445999K [0x0000000609800000, 0x0000000800000000)
  region size 2048K, 193 young (395264K), 1 survivors (2048K)
 Metaspace       used 74537K, capacity 76369K, committed 76636K, reserved 1116160K
  class space    used 8895K, capacity 9606K, committed 9728K, reserved 1048576K
}
Event: 856315.395 GC heap after
{Heap after GC invocations=188 (full 0):
 garbage-first heap   total 661504K, used 54844K [0x0000000609800000, 0x0000000800000000)
  region size 2048K, 1 young (2048K), 1 survivors (2048K)
 Metaspace       used 74537K, capacity 76369K, committed 76636K, reserved 1116160K
  class space    used 8895K, capacity 9606K, committed 9728K, reserved 1048576K
}
Event: 861221.631 GC heap before
{Heap before GC invocations=188 (full 0):
 garbage-first heap   total 661504K, used 446012K [0x0000000609800000, 0x0000000800000000)
  region size 2048K, 193 young (395264K), 1 survivors (2048K)
 Metaspace       used 74537K, capacity 76369K, committed 76636K, reserved 1116160K
  class space    used 8895K, capacity 9606K, committed 9728K, reserved 1048576K
}
Event: 861221.638 GC heap after
{Heap after GC invocations=189 (full 0):
 garbage-first heap   total 661504K, used 54844K [0x0000000609800000, 0x0000000800000000)
  region size 2048K, 1 young (2048K), 1 survivors (2048K)
 Metaspace       used 74537K, capacity 76369K, committed 76636K, reserved 1116160K
  class space    used 8895K, capacity 9606K, committed 9728K, reserved 1048576K
}
Event: 866118.940 GC heap before
{Heap before GC invocations=189 (full 0):
 garbage-first heap   total 661504K, used 446012K [0x0000000609800000, 0x0000000800000000)
  region size 2048K, 193 young (395264K), 1 survivors (2048K)
 Metaspace       used 74537K, capacity 76369K, committed 76636K, reserved 1116160K
  class space    used 8895K, capacity 9606K, committed 9728K, reserved 1048576K
}
Event: 866118.946 GC heap after
{Heap after GC invocations=190 (full 0):
 garbage-first heap   total 661504K, used 54832K [0x0000000609800000, 0x0000000800000000)
  region size 2048K, 1 young (2048K), 1 survivors (2048K)
 Metaspace       used 74537K, capacity 76369K, committed 76636K, reserved 1116160K
  class space    used 8895K, capacity 9606K, committed 9728K, reserved 1048576K
}
Event: 870952.028 GC heap before
{Heap before GC invocations=190 (full 0):
 garbage-first heap   total 661504K, used 446000K [0x0000000609800000, 0x0000000800000000)
  region size 2048K, 193 young (395264K), 1 survivors (2048K)
 Metaspace       used 74537K, capacity 76369K, committed 76636K, reserved 1116160K
  class space    used 8895K, capacity 9606K, committed 9728K, reserved 1048576K
}
Event: 870952.034 GC heap after
{Heap after GC invocations=191 (full 0):
 garbage-first heap   total 661504K, used 54836K [0x0000000609800000, 0x0000000800000000)
  region size 2048K, 1 young (2048K), 1 survivors (2048K)
 Metaspace       used 74537K, capacity 76369K, committed 76636K, reserved 1116160K
  class space    used 8895K, capacity 9606K, committed 9728K, reserved 1048576K
}
Event: 875749.809 GC heap before
{Heap before GC invocations=191 (full 0):
 garbage-first heap   total 661504K, used 446004K [0x0000000609800000, 0x0000000800000000)
  region size 2048K, 193 young (395264K), 1 survivors (2048K)
 Metaspace       used 74537K, capacity 76369K, committed 76636K, reserved 1116160K
  class space    used 8895K, capacity 9606K, committed 9728K, reserved 1048576K
}
Event: 875749.817 GC heap after
{Heap after GC invocations=192 (full 0):
 garbage-first heap   total 661504K, used 54825K [0x0000000609800000, 0x0000000800000000)
  region size 2048K, 1 young (2048K), 1 survivors (2048K)
 Metaspace       used 74537K, capacity 76369K, committed 76636K, reserved 1116160K
  class space    used 8895K, capacity 9606K, committed 9728K, reserved 1048576K
}

